This file contains any messages produced by compilers while
running configure, to aid debugging if configure makes a mistake.

It was created by Tkhtml configure 3.0, which was
generated by GNU Autoconf 2.59.  Invocation command line was

  $ ./configure --prefix=/home/jb/audela/audela/src/.. --exec-prefix=/home/jb/audela/audela/src/.. --with-tcl=/usr/lib/tcl8.6 --with-tk=/usr/lib/tk8.6 --with-mysql-lib=/usr/lib/tcl8.6

## --------- ##
## Platform. ##
## --------- ##

hostname = jb-VirtualBox
uname -m = x86_64
uname -r = 4.15.0-34-generic
uname -s = Linux
uname -v = #37-Ubuntu SMP Mon Aug 27 15:21:48 UTC 2018

/usr/bin/uname -p = unknown
/bin/uname -X     = unknown

/bin/arch              = unknown
/usr/bin/arch -k       = unknown
/usr/convex/getsysinfo = unknown
hostinfo               = unknown
/bin/machine           = unknown
/usr/bin/oslevel       = unknown
/bin/universe          = unknown

PATH: /usr/local/sbin
PATH: /usr/local/bin
PATH: /usr/sbin
PATH: /usr/bin
PATH: /sbin
PATH: /bin
PATH: /usr/games
PATH: /usr/local/games
PATH: /snap/bin


## ----------- ##
## Core tests. ##
## ----------- ##

configure:1332: checking for correct TEA configuration
configure:1351: result: ok (TEA 3.5)
configure:1477: checking for Tcl configuration
configure:1593: result: found /usr/lib/tcl8.6/tclConfig.sh
configure:1599: checking for existence of /usr/lib/tcl8.6/tclConfig.sh
configure:1603: result: loading
configure:1693: checking for Tk configuration
configure:1809: result: found /usr/lib/tk8.6/tkConfig.sh
configure:1815: checking for existence of /usr/lib/tk8.6/tkConfig.sh
configure:1819: result: loading
configure:2000: checking for gcc
configure:2016: found /usr/bin/gcc
configure:2026: result: gcc
configure:2270: checking for C compiler version
configure:2273: gcc --version </dev/null >&5
gcc (Ubuntu 7.3.0-27ubuntu1~18.04) 7.3.0
Copyright (C) 2017 Free Software Foundation, Inc.
This is free software; see the source for copying conditions.  There is NO
warranty; not even for MERCHANTABILITY or FITNESS FOR A PARTICULAR PURPOSE.

configure:2276: $? = 0
configure:2278: gcc -v </dev/null >&5
Using built-in specs.
COLLECT_GCC=gcc
COLLECT_LTO_WRAPPER=/usr/lib/gcc/x86_64-linux-gnu/7/lto-wrapper
OFFLOAD_TARGET_NAMES=nvptx-none
OFFLOAD_TARGET_DEFAULT=1
Target: x86_64-linux-gnu
Configured with: ../src/configure -v --with-pkgversion='Ubuntu 7.3.0-27ubuntu1~18.04' --with-bugurl=file:///usr/share/doc/gcc-7/README.Bugs --enable-languages=c,ada,c++,go,brig,d,fortran,objc,obj-c++ --prefix=/usr --with-gcc-major-version-only --program-suffix=-7 --program-prefix=x86_64-linux-gnu- --enable-shared --enable-linker-build-id --libexecdir=/usr/lib --without-included-gettext --enable-threads=posix --libdir=/usr/lib --enable-nls --with-sysroot=/ --enable-clocale=gnu --enable-libstdcxx-debug --enable-libstdcxx-time=yes --with-default-libstdcxx-abi=new --enable-gnu-unique-object --disable-vtable-verify --enable-libmpx --enable-plugin --enable-default-pie --with-system-zlib --with-target-system-zlib --enable-objc-gc=auto --enable-multiarch --disable-werror --with-arch-32=i686 --with-abi=m64 --with-multilib-list=m32,m64,mx32 --enable-multilib --with-tune=generic --enable-offload-targets=nvptx-none --without-cuda-driver --enable-checking=release --build=x86_64-linux-gnu --host=x86_64-linux-gnu --target=x86_64-linux-gnu
Thread model: posix
gcc version 7.3.0 (Ubuntu 7.3.0-27ubuntu1~18.04) 
configure:2281: $? = 0
configure:2283: gcc -V </dev/null >&5
gcc: error: unrecognized command line option '-V'
gcc: fatal error: no input files
compilation terminated.
configure:2286: $? = 1
configure:2309: checking for C compiler default output file name
configure:2312: gcc    conftest.c  >&5
configure:2315: $? = 0
configure:2361: result: a.out
configure:2366: checking whether the C compiler works
configure:2372: ./a.out
configure:2375: $? = 0
configure:2392: result: yes
configure:2399: checking whether we are cross compiling
configure:2401: result: no
configure:2404: checking for suffix of executables
configure:2406: gcc -o conftest    conftest.c  >&5
configure:2409: $? = 0
configure:2434: result: 
configure:2440: checking for suffix of object files
configure:2461: gcc -c   conftest.c >&5
configure:2464: $? = 0
configure:2486: result: o
configure:2490: checking whether we are using the GNU C compiler
configure:2514: gcc -c   conftest.c >&5
configure:2520: $? = 0
configure:2524: test -z 
			 || test ! -s conftest.err
configure:2527: $? = 0
configure:2530: test -s conftest.o
configure:2533: $? = 0
configure:2546: result: yes
configure:2552: checking whether gcc accepts -g
configure:2573: gcc -c -g  conftest.c >&5
configure:2579: $? = 0
configure:2583: test -z 
			 || test ! -s conftest.err
configure:2586: $? = 0
configure:2589: test -s conftest.o
configure:2592: $? = 0
configure:2603: result: yes
configure:2620: checking for gcc option to accept ANSI C
configure:2690: gcc  -c   conftest.c >&5
configure:2696: $? = 0
configure:2700: test -z 
			 || test ! -s conftest.err
configure:2703: $? = 0
configure:2706: test -s conftest.o
configure:2709: $? = 0
configure:2727: result: none needed
configure:2745: gcc -c   conftest.c >&5
conftest.c:2:3: error: unknown type name 'choke'
   choke me
   ^~~~~
conftest.c:2:3: error: expected '=', ',', ';', 'asm' or '__attribute__' at end of input
configure:2751: $? = 1
configure: failed program was:
| #ifndef __cplusplus
|   choke me
| #endif
configure:2889: checking how to run the C preprocessor
configure:2924: gcc -E  conftest.c
configure:2930: $? = 0
configure:2962: gcc -E  conftest.c
conftest.c:9:10: fatal error: ac_nonexistent.h: No such file or directory
 #include <ac_nonexistent.h>
          ^~~~~~~~~~~~~~~~~~
compilation terminated.
configure:2968: $? = 1
configure: failed program was:
| /* confdefs.h.  */
| 
| #define PACKAGE_NAME "Tkhtml"
| #define PACKAGE_TARNAME "tkhtml"
| #define PACKAGE_VERSION "3.0"
| #define PACKAGE_STRING "Tkhtml 3.0"
| #define PACKAGE_BUGREPORT ""
| /* end confdefs.h.  */
| #include <ac_nonexistent.h>
configure:3007: result: gcc -E
configure:3031: gcc -E  conftest.c
configure:3037: $? = 0
configure:3069: gcc -E  conftest.c
conftest.c:9:10: fatal error: ac_nonexistent.h: No such file or directory
 #include <ac_nonexistent.h>
          ^~~~~~~~~~~~~~~~~~
compilation terminated.
configure:3075: $? = 1
configure: failed program was:
| /* confdefs.h.  */
| 
| #define PACKAGE_NAME "Tkhtml"
| #define PACKAGE_TARNAME "tkhtml"
| #define PACKAGE_VERSION "3.0"
| #define PACKAGE_STRING "Tkhtml 3.0"
| #define PACKAGE_BUGREPORT ""
| /* end confdefs.h.  */
| #include <ac_nonexistent.h>
configure:3132: checking for a BSD-compatible install
configure:3187: result: /usr/bin/install -c
configure:3203: checking whether make sets $(MAKE)
configure:3223: result: yes
configure:3278: checking for ranlib
configure:3294: found /usr/bin/ranlib
configure:3305: result: ranlib
configure:3327: checking for egrep
configure:3337: result: grep -E
configure:3342: checking for ANSI C header files
configure:3367: gcc -c   conftest.c >&5
configure:3373: $? = 0
configure:3377: test -z 
			 || test ! -s conftest.err
configure:3380: $? = 0
configure:3383: test -s conftest.o
configure:3386: $? = 0
configure:3475: gcc -o conftest    conftest.c  >&5
conftest.c: In function 'main':
conftest.c:26:7: warning: implicit declaration of function 'exit' [-Wimplicit-function-declaration]
       exit(2);
       ^~~~
conftest.c:26:7: warning: incompatible implicit declaration of built-in function 'exit'
conftest.c:26:7: note: include '<stdlib.h>' or provide a declaration of 'exit'
conftest.c:27:3: warning: incompatible implicit declaration of built-in function 'exit'
   exit (0);
   ^~~~
conftest.c:27:3: note: include '<stdlib.h>' or provide a declaration of 'exit'
configure:3478: $? = 0
configure:3480: ./conftest
configure:3483: $? = 0
configure:3498: result: yes
configure:3522: checking for sys/types.h
configure:3538: gcc -c   conftest.c >&5
configure:3544: $? = 0
configure:3548: test -z 
			 || test ! -s conftest.err
configure:3551: $? = 0
configure:3554: test -s conftest.o
configure:3557: $? = 0
configure:3568: result: yes
configure:3522: checking for sys/stat.h
configure:3538: gcc -c   conftest.c >&5
configure:3544: $? = 0
configure:3548: test -z 
			 || test ! -s conftest.err
configure:3551: $? = 0
configure:3554: test -s conftest.o
configure:3557: $? = 0
configure:3568: result: yes
configure:3522: checking for stdlib.h
configure:3538: gcc -c   conftest.c >&5
configure:3544: $? = 0
configure:3548: test -z 
			 || test ! -s conftest.err
configure:3551: $? = 0
configure:3554: test -s conftest.o
configure:3557: $? = 0
configure:3568: result: yes
configure:3522: checking for string.h
configure:3538: gcc -c   conftest.c >&5
configure:3544: $? = 0
configure:3548: test -z 
			 || test ! -s conftest.err
configure:3551: $? = 0
configure:3554: test -s conftest.o
configure:3557: $? = 0
configure:3568: result: yes
configure:3522: checking for memory.h
configure:3538: gcc -c   conftest.c >&5
configure:3544: $? = 0
configure:3548: test -z 
			 || test ! -s conftest.err
configure:3551: $? = 0
configure:3554: test -s conftest.o
configure:3557: $? = 0
configure:3568: result: yes
configure:3522: checking for strings.h
configure:3538: gcc -c   conftest.c >&5
configure:3544: $? = 0
configure:3548: test -z 
			 || test ! -s conftest.err
configure:3551: $? = 0
configure:3554: test -s conftest.o
configure:3557: $? = 0
configure:3568: result: yes
configure:3522: checking for inttypes.h
configure:3538: gcc -c   conftest.c >&5
configure:3544: $? = 0
configure:3548: test -z 
			 || test ! -s conftest.err
configure:3551: $? = 0
configure:3554: test -s conftest.o
configure:3557: $? = 0
configure:3568: result: yes
configure:3522: checking for stdint.h
configure:3538: gcc -c   conftest.c >&5
configure:3544: $? = 0
configure:3548: test -z 
			 || test ! -s conftest.err
configure:3551: $? = 0
configure:3554: test -s conftest.o
configure:3557: $? = 0
configure:3568: result: yes
configure:3522: checking for unistd.h
configure:3538: gcc -c   conftest.c >&5
configure:3544: $? = 0
configure:3548: test -z 
			 || test ! -s conftest.err
configure:3551: $? = 0
configure:3554: test -s conftest.o
configure:3557: $? = 0
configure:3568: result: yes
configure:3590: checking if the compiler understands -pipe
configure:3610: gcc -pipe -c   conftest.c >&5
configure:3616: $? = 0
configure:3620: test -z 
			 || test ! -s conftest.err
configure:3623: $? = 0
configure:3626: test -s conftest.o
configure:3629: $? = 0
configure:3631: result: yes
configure:3648: checking whether byte ordering is bigendian
configure:3675: gcc -pipe -c   conftest.c >&5
configure:3681: $? = 0
configure:3685: test -z 
			 || test ! -s conftest.err
configure:3688: $? = 0
configure:3691: test -s conftest.o
configure:3694: $? = 0
configure:3718: gcc -pipe -c   conftest.c >&5
conftest.c: In function 'main':
conftest.c:26:2: error: unknown type name 'not'; did you mean 'ino_t'?
  not big endian
  ^~~
  ino_t
conftest.c:26:10: error: expected '=', ',', ';', 'asm' or '__attribute__' before 'endian'
  not big endian
          ^~~~~~
configure:3724: $? = 1
configure: failed program was:
| /* confdefs.h.  */
| 
| #define PACKAGE_NAME "Tkhtml"
| #define PACKAGE_TARNAME "tkhtml"
| #define PACKAGE_VERSION "3.0"
| #define PACKAGE_STRING "Tkhtml 3.0"
| #define PACKAGE_BUGREPORT ""
| #define STDC_HEADERS 1
| #define HAVE_SYS_TYPES_H 1
| #define HAVE_SYS_STAT_H 1
| #define HAVE_STDLIB_H 1
| #define HAVE_STRING_H 1
| #define HAVE_MEMORY_H 1
| #define HAVE_STRINGS_H 1
| #define HAVE_INTTYPES_H 1
| #define HAVE_STDINT_H 1
| #define HAVE_UNISTD_H 1
| /* end confdefs.h.  */
| #include <sys/types.h>
| #include <sys/param.h>
| 
| int
| main ()
| {
| #if BYTE_ORDER != BIG_ENDIAN
|  not big endian
| #endif
| 
|   ;
|   return 0;
| }
configure:3859: result: no
configure:3887: checking for sin
configure:3944: gcc -pipe -o conftest    conftest.c  >&5
conftest.c:43:6: warning: conflicting types for built-in function 'sin' [-Wbuiltin-declaration-mismatch]
 char sin ();
      ^~~
/tmp/ccTEuOCl.o: In function `main':
conftest.c:(.text+0xe): undefined reference to `sin'
/tmp/ccTEuOCl.o:(.data.rel+0x0): undefined reference to `sin'
collect2: error: ld returned 1 exit status
configure:3950: $? = 1
configure: failed program was:
| /* confdefs.h.  */
| 
| #define PACKAGE_NAME "Tkhtml"
| #define PACKAGE_TARNAME "tkhtml"
| #define PACKAGE_VERSION "3.0"
| #define PACKAGE_STRING "Tkhtml 3.0"
| #define PACKAGE_BUGREPORT ""
| #define STDC_HEADERS 1
| #define HAVE_SYS_TYPES_H 1
| #define HAVE_SYS_STAT_H 1
| #define HAVE_STDLIB_H 1
| #define HAVE_STRING_H 1
| #define HAVE_MEMORY_H 1
| #define HAVE_STRINGS_H 1
| #define HAVE_INTTYPES_H 1
| #define HAVE_STDINT_H 1
| #define HAVE_UNISTD_H 1
| /* end confdefs.h.  */
| /* Define sin to an innocuous variant, in case <limits.h> declares sin.
|    For example, HP-UX 11i <limits.h> declares gettimeofday.  */
| #define sin innocuous_sin
| 
| /* System header to define __stub macros and hopefully few prototypes,
|     which can conflict with char sin (); below.
|     Prefer <limits.h> to <assert.h> if __STDC__ is defined, since
|     <limits.h> exists even on freestanding compilers.  */
| 
| #ifdef __STDC__
| # include <limits.h>
| #else
| # include <assert.h>
| #endif
| 
| #undef sin
| 
| /* Override any gcc2 internal prototype to avoid an error.  */
| #ifdef __cplusplus
| extern "C"
| {
| #endif
| /* We use char because int might match the return type of a gcc2
|    builtin and then its argument prototype would still apply.  */
| char sin ();
| /* The GNU C library defines this for functions which it implements
|     to always fail with ENOSYS.  Some functions are actually named
|     something starting with __ and the normal name is an alias.  */
| #if defined (__stub_sin) || defined (__stub___sin)
| choke me
| #else
| char (*f) () = sin;
| #endif
| #ifdef __cplusplus
| }
| #endif
| 
| int
| main ()
| {
| return f != sin;
|   ;
|   return 0;
| }
configure:3975: result: no
configure:3983: checking for main in -lieee
configure:4007: gcc -pipe -o conftest    conftest.c -lieee   >&5
/usr/bin/ld: cannot find -lieee
collect2: error: ld returned 1 exit status
configure:4013: $? = 1
configure: failed program was:
| /* confdefs.h.  */
| 
| #define PACKAGE_NAME "Tkhtml"
| #define PACKAGE_TARNAME "tkhtml"
| #define PACKAGE_VERSION "3.0"
| #define PACKAGE_STRING "Tkhtml 3.0"
| #define PACKAGE_BUGREPORT ""
| #define STDC_HEADERS 1
| #define HAVE_SYS_TYPES_H 1
| #define HAVE_SYS_STAT_H 1
| #define HAVE_STDLIB_H 1
| #define HAVE_STRING_H 1
| #define HAVE_MEMORY_H 1
| #define HAVE_STRINGS_H 1
| #define HAVE_INTTYPES_H 1
| #define HAVE_STDINT_H 1
| #define HAVE_UNISTD_H 1
| /* end confdefs.h.  */
| 
| 
| int
| main ()
| {
| main ();
|   ;
|   return 0;
| }
configure:4039: result: no
configure:4051: checking for main in -linet
configure:4075: gcc -pipe -o conftest    conftest.c -linet   >&5
/usr/bin/ld: cannot find -linet
collect2: error: ld returned 1 exit status
configure:4081: $? = 1
configure: failed program was:
| /* confdefs.h.  */
| 
| #define PACKAGE_NAME "Tkhtml"
| #define PACKAGE_TARNAME "tkhtml"
| #define PACKAGE_VERSION "3.0"
| #define PACKAGE_STRING "Tkhtml 3.0"
| #define PACKAGE_BUGREPORT ""
| #define STDC_HEADERS 1
| #define HAVE_SYS_TYPES_H 1
| #define HAVE_SYS_STAT_H 1
| #define HAVE_STDLIB_H 1
| #define HAVE_STRING_H 1
| #define HAVE_MEMORY_H 1
| #define HAVE_STRINGS_H 1
| #define HAVE_INTTYPES_H 1
| #define HAVE_STDINT_H 1
| #define HAVE_UNISTD_H 1
| /* end confdefs.h.  */
| 
| 
| int
| main ()
| {
| main ();
|   ;
|   return 0;
| }
configure:4107: result: no
configure:4123: checking net/errno.h usability
configure:4135: gcc -pipe -c   conftest.c >&5
conftest.c:53:10: fatal error: net/errno.h: No such file or directory
 #include <net/errno.h>
          ^~~~~~~~~~~~~
compilation terminated.
configure:4141: $? = 1
configure: failed program was:
| /* confdefs.h.  */
| 
| #define PACKAGE_NAME "Tkhtml"
| #define PACKAGE_TARNAME "tkhtml"
| #define PACKAGE_VERSION "3.0"
| #define PACKAGE_STRING "Tkhtml 3.0"
| #define PACKAGE_BUGREPORT ""
| #define STDC_HEADERS 1
| #define HAVE_SYS_TYPES_H 1
| #define HAVE_SYS_STAT_H 1
| #define HAVE_STDLIB_H 1
| #define HAVE_STRING_H 1
| #define HAVE_MEMORY_H 1
| #define HAVE_STRINGS_H 1
| #define HAVE_INTTYPES_H 1
| #define HAVE_STDINT_H 1
| #define HAVE_UNISTD_H 1
| /* end confdefs.h.  */
| #include <stdio.h>
| #if HAVE_SYS_TYPES_H
| # include <sys/types.h>
| #endif
| #if HAVE_SYS_STAT_H
| # include <sys/stat.h>
| #endif
| #if STDC_HEADERS
| # include <stdlib.h>
| # include <stddef.h>
| #else
| # if HAVE_STDLIB_H
| #  include <stdlib.h>
| # endif
| #endif
| #if HAVE_STRING_H
| # if !STDC_HEADERS && HAVE_MEMORY_H
| #  include <memory.h>
| # endif
| # include <string.h>
| #endif
| #if HAVE_STRINGS_H
| # include <strings.h>
| #endif
| #if HAVE_INTTYPES_H
| # include <inttypes.h>
| #else
| # if HAVE_STDINT_H
| #  include <stdint.h>
| # endif
| #endif
| #if HAVE_UNISTD_H
| # include <unistd.h>
| #endif
| #include <net/errno.h>
configure:4164: result: no
configure:4168: checking net/errno.h presence
configure:4178: gcc -E  conftest.c
conftest.c:19:10: fatal error: net/errno.h: No such file or directory
 #include <net/errno.h>
          ^~~~~~~~~~~~~
compilation terminated.
configure:4184: $? = 1
configure: failed program was:
| /* confdefs.h.  */
| 
| #define PACKAGE_NAME "Tkhtml"
| #define PACKAGE_TARNAME "tkhtml"
| #define PACKAGE_VERSION "3.0"
| #define PACKAGE_STRING "Tkhtml 3.0"
| #define PACKAGE_BUGREPORT ""
| #define STDC_HEADERS 1
| #define HAVE_SYS_TYPES_H 1
| #define HAVE_SYS_STAT_H 1
| #define HAVE_STDLIB_H 1
| #define HAVE_STRING_H 1
| #define HAVE_MEMORY_H 1
| #define HAVE_STRINGS_H 1
| #define HAVE_INTTYPES_H 1
| #define HAVE_STDINT_H 1
| #define HAVE_UNISTD_H 1
| /* end confdefs.h.  */
| #include <net/errno.h>
configure:4204: result: no
configure:4239: checking for net/errno.h
configure:4246: result: no
configure:4280: checking for connect
configure:4337: gcc -pipe -o conftest    conftest.c  >&5
configure:4343: $? = 0
configure:4347: test -z 
			 || test ! -s conftest.err
configure:4350: $? = 0
configure:4353: test -s conftest
configure:4356: $? = 0
configure:4368: result: yes
configure:4643: checking for gethostbyname
configure:4700: gcc -pipe -o conftest    conftest.c  >&5
configure:4706: $? = 0
configure:4710: test -z 
			 || test ! -s conftest.err
configure:4713: $? = 0
configure:4716: test -s conftest
configure:4719: $? = 0
configure:4731: result: yes
configure:4815: checking dirent.h
configure:4855: gcc -pipe -o conftest    conftest.c  >&5
configure:4861: $? = 0
configure:4865: test -z 
			 || test ! -s conftest.err
configure:4868: $? = 0
configure:4871: test -s conftest
configure:4874: $? = 0
configure:4886: result: yes
configure:4907: checking errno.h usability
configure:4919: gcc -pipe -c   conftest.c >&5
configure:4925: $? = 0
configure:4929: test -z 
			 || test ! -s conftest.err
configure:4932: $? = 0
configure:4935: test -s conftest.o
configure:4938: $? = 0
configure:4948: result: yes
configure:4952: checking errno.h presence
configure:4962: gcc -E  conftest.c
configure:4968: $? = 0
configure:4988: result: yes
configure:5023: checking for errno.h
configure:5030: result: yes
configure:5055: checking float.h usability
configure:5067: gcc -pipe -c   conftest.c >&5
configure:5073: $? = 0
configure:5077: test -z 
			 || test ! -s conftest.err
configure:5080: $? = 0
configure:5083: test -s conftest.o
configure:5086: $? = 0
configure:5096: result: yes
configure:5100: checking float.h presence
configure:5110: gcc -E  conftest.c
configure:5116: $? = 0
configure:5136: result: yes
configure:5171: checking for float.h
configure:5178: result: yes
configure:5203: checking values.h usability
configure:5215: gcc -pipe -c   conftest.c >&5
configure:5221: $? = 0
configure:5225: test -z 
			 || test ! -s conftest.err
configure:5228: $? = 0
configure:5231: test -s conftest.o
configure:5234: $? = 0
configure:5244: result: yes
configure:5248: checking values.h presence
configure:5258: gcc -E  conftest.c
configure:5264: $? = 0
configure:5284: result: yes
configure:5319: checking for values.h
configure:5326: result: yes
configure:5351: checking limits.h usability
configure:5363: gcc -pipe -c   conftest.c >&5
configure:5369: $? = 0
configure:5373: test -z 
			 || test ! -s conftest.err
configure:5376: $? = 0
configure:5379: test -s conftest.o
configure:5382: $? = 0
configure:5392: result: yes
configure:5396: checking limits.h presence
configure:5406: gcc -E  conftest.c
configure:5412: $? = 0
configure:5432: result: yes
configure:5467: checking for limits.h
configure:5474: result: yes
configure:5494: checking for stdlib.h
configure:5499: result: yes
configure:5696: checking for string.h
configure:5701: result: yes
configure:5895: checking sys/wait.h usability
configure:5907: gcc -pipe -c   conftest.c >&5
configure:5913: $? = 0
configure:5917: test -z 
			 || test ! -s conftest.err
configure:5920: $? = 0
configure:5923: test -s conftest.o
configure:5926: $? = 0
configure:5936: result: yes
configure:5940: checking sys/wait.h presence
configure:5950: gcc -E  conftest.c
configure:5956: $? = 0
configure:5976: result: yes
configure:6011: checking for sys/wait.h
configure:6018: result: yes
configure:6043: checking dlfcn.h usability
configure:6055: gcc -pipe -c   conftest.c >&5
configure:6061: $? = 0
configure:6065: test -z 
			 || test ! -s conftest.err
configure:6068: $? = 0
configure:6071: test -s conftest.o
configure:6074: $? = 0
configure:6084: result: yes
configure:6088: checking dlfcn.h presence
configure:6098: gcc -E  conftest.c
configure:6104: $? = 0
configure:6124: result: yes
configure:6159: checking for dlfcn.h
configure:6166: result: yes
configure:6197: checking sys/param.h usability
configure:6209: gcc -pipe -c   conftest.c >&5
configure:6215: $? = 0
configure:6219: test -z 
			 || test ! -s conftest.err
configure:6222: $? = 0
configure:6225: test -s conftest.o
configure:6228: $? = 0
configure:6238: result: yes
configure:6242: checking sys/param.h presence
configure:6252: gcc -E  conftest.c
configure:6258: $? = 0
configure:6278: result: yes
configure:6313: checking for sys/param.h
configure:6320: result: yes
configure:7114: checking for Tcl public headers
configure:7188: result: /usr/include/tcl8.6
configure:7203: checking for Tk public headers
configure:7276: result: /usr/include/tcl8.6
configure:7356: checking for pthread_mutex_init in -lpthread
configure:7386: gcc -pipe -o conftest    conftest.c -lpthread   >&5
configure:7392: $? = 0
configure:7396: test -z 
			 || test ! -s conftest.err
configure:7399: $? = 0
configure:7402: test -s conftest
configure:7405: $? = 0
configure:7418: result: yes
configure:7739: checking for building with threads
configure:7747: result: yes (default)
configure:7788: checking how to build libraries
configure:7806: result: shared
configure:7833: checking if 64bit support is requested
configure:7842: result: no
configure:7847: checking if 64bit Sparc VIS support is requested
configure:7856: result: no
configure:7884: checking system version
configure:7914: result: Linux-4.15.0-34-generic
configure:7922: checking for dlopen in -ldl
configure:7952: gcc -pipe -o conftest    conftest.c -ldl   >&5
configure:7958: $? = 0
configure:7962: test -z 
			 || test ! -s conftest.err
configure:7965: $? = 0
configure:7968: test -s conftest
configure:7971: $? = 0
configure:7984: result: yes
configure:8025: checking for ar
configure:8041: found /usr/bin/ar
configure:8051: result: ar
configure:9672: checking for required early compiler flags
configure:9695: gcc -pipe -c   conftest.c >&5
configure:9701: $? = 0
configure:9705: test -z 
			 || test ! -s conftest.err
configure:9708: $? = 0
configure:9711: test -s conftest.o
configure:9714: $? = 0
configure:9800: gcc -pipe -c   conftest.c >&5
conftest.c: In function 'main':
conftest.c:29:15: error: storage size of 'buf' isn't known
 struct stat64 buf; int i = stat64("/", &buf);
               ^~~
conftest.c:29:28: warning: implicit declaration of function 'stat64'; did you mean 'stat'? [-Wimplicit-function-declaration]
 struct stat64 buf; int i = stat64("/", &buf);
                            ^~~~~~
                            stat
configure:9806: $? = 1
configure: failed program was:
| /* confdefs.h.  */
| 
| #define PACKAGE_NAME "Tkhtml"
| #define PACKAGE_TARNAME "tkhtml"
| #define PACKAGE_VERSION "3.0"
| #define PACKAGE_STRING "Tkhtml 3.0"
| #define PACKAGE_BUGREPORT ""
| #define STDC_HEADERS 1
| #define HAVE_SYS_TYPES_H 1
| #define HAVE_SYS_STAT_H 1
| #define HAVE_STDLIB_H 1
| #define HAVE_STRING_H 1
| #define HAVE_MEMORY_H 1
| #define HAVE_STRINGS_H 1
| #define HAVE_INTTYPES_H 1
| #define HAVE_STDINT_H 1
| #define HAVE_UNISTD_H 1
| #define HAVE_LIMITS_H 1
| #define HAVE_SYS_PARAM_H 1
| #define USE_THREAD_ALLOC 1
| #define _REENTRANT 1
| #define _THREAD_SAFE 1
| #define TCL_THREADS 1
| /* end confdefs.h.  */
| #include <sys/stat.h>
| int
| main ()
| {
| struct stat64 buf; int i = stat64("/", &buf);
|   ;
|   return 0;
| }
configure:9843: gcc -pipe -c   conftest.c >&5
configure:9849: $? = 0
configure:9853: test -z 
			 || test ! -s conftest.err
configure:9856: $? = 0
configure:9859: test -s conftest.o
configure:9862: $? = 0
configure:9905: gcc -pipe -c   conftest.c >&5
conftest.c: In function 'main':
conftest.c:30:19: error: 'open64' undeclared (first use in this function)
 char *p = (char *)open64;
                   ^~~~~~
conftest.c:30:19: note: each undeclared identifier is reported only once for each function it appears in
configure:9911: $? = 1
configure: failed program was:
| /* confdefs.h.  */
| 
| #define PACKAGE_NAME "Tkhtml"
| #define PACKAGE_TARNAME "tkhtml"
| #define PACKAGE_VERSION "3.0"
| #define PACKAGE_STRING "Tkhtml 3.0"
| #define PACKAGE_BUGREPORT ""
| #define STDC_HEADERS 1
| #define HAVE_SYS_TYPES_H 1
| #define HAVE_SYS_STAT_H 1
| #define HAVE_STDLIB_H 1
| #define HAVE_STRING_H 1
| #define HAVE_MEMORY_H 1
| #define HAVE_STRINGS_H 1
| #define HAVE_INTTYPES_H 1
| #define HAVE_STDINT_H 1
| #define HAVE_UNISTD_H 1
| #define HAVE_LIMITS_H 1
| #define HAVE_SYS_PARAM_H 1
| #define USE_THREAD_ALLOC 1
| #define _REENTRANT 1
| #define _THREAD_SAFE 1
| #define TCL_THREADS 1
| #define _LARGEFILE64_SOURCE 1
| /* end confdefs.h.  */
| #include <sys/stat.h>
| int
| main ()
| {
| char *p = (char *)open64;
|   ;
|   return 0;
| }
configure:9948: gcc -pipe -c   conftest.c >&5
conftest.c: In function 'main':
conftest.c:31:19: error: 'open64' undeclared (first use in this function)
 char *p = (char *)open64;
                   ^~~~~~
conftest.c:31:19: note: each undeclared identifier is reported only once for each function it appears in
configure:9954: $? = 1
configure: failed program was:
| /* confdefs.h.  */
| 
| #define PACKAGE_NAME "Tkhtml"
| #define PACKAGE_TARNAME "tkhtml"
| #define PACKAGE_VERSION "3.0"
| #define PACKAGE_STRING "Tkhtml 3.0"
| #define PACKAGE_BUGREPORT ""
| #define STDC_HEADERS 1
| #define HAVE_SYS_TYPES_H 1
| #define HAVE_SYS_STAT_H 1
| #define HAVE_STDLIB_H 1
| #define HAVE_STRING_H 1
| #define HAVE_MEMORY_H 1
| #define HAVE_STRINGS_H 1
| #define HAVE_INTTYPES_H 1
| #define HAVE_STDINT_H 1
| #define HAVE_UNISTD_H 1
| #define HAVE_LIMITS_H 1
| #define HAVE_SYS_PARAM_H 1
| #define USE_THREAD_ALLOC 1
| #define _REENTRANT 1
| #define _THREAD_SAFE 1
| #define TCL_THREADS 1
| #define _LARGEFILE64_SOURCE 1
| /* end confdefs.h.  */
| #define _LARGEFILE_SOURCE64 1
| #include <sys/stat.h>
| int
| main ()
| {
| char *p = (char *)open64;
|   ;
|   return 0;
| }
configure:9994: result:  _LARGEFILE64_SOURCE
configure:9999: checking for 64-bit integer type
configure:10023: gcc -pipe -c   conftest.c >&5
conftest.c: In function 'main':
conftest.c:30:1: error: unknown type name '__int64'; did you mean '__int128'?
 __int64 value = (__int64) 0;
 ^~~~~~~
 __int128
conftest.c:30:18: error: '__int64' undeclared (first use in this function); did you mean '__int128'?
 __int64 value = (__int64) 0;
                  ^~~~~~~
                  __int128
conftest.c:30:18: note: each undeclared identifier is reported only once for each function it appears in
conftest.c:30:27: error: expected ',' or ';' before numeric constant
 __int64 value = (__int64) 0;
                           ^
configure:10029: $? = 1
configure: failed program was:
| /* confdefs.h.  */
| 
| #define PACKAGE_NAME "Tkhtml"
| #define PACKAGE_TARNAME "tkhtml"
| #define PACKAGE_VERSION "3.0"
| #define PACKAGE_STRING "Tkhtml 3.0"
| #define PACKAGE_BUGREPORT ""
| #define STDC_HEADERS 1
| #define HAVE_SYS_TYPES_H 1
| #define HAVE_SYS_STAT_H 1
| #define HAVE_STDLIB_H 1
| #define HAVE_STRING_H 1
| #define HAVE_MEMORY_H 1
| #define HAVE_STRINGS_H 1
| #define HAVE_INTTYPES_H 1
| #define HAVE_STDINT_H 1
| #define HAVE_UNISTD_H 1
| #define HAVE_LIMITS_H 1
| #define HAVE_SYS_PARAM_H 1
| #define USE_THREAD_ALLOC 1
| #define _REENTRANT 1
| #define _THREAD_SAFE 1
| #define TCL_THREADS 1
| #define _LARGEFILE64_SOURCE 1
| /* end confdefs.h.  */
| 
| int
| main ()
| {
| __int64 value = (__int64) 0;
|   ;
|   return 0;
| }
configure:10073: gcc -pipe -c   conftest.c >&5
conftest.c: In function 'main':
conftest.c:31:21: error: duplicate case value
             case 1: case (sizeof(long long)==sizeof(long)): ;
                     ^~~~
conftest.c:31:13: note: previously used here
             case 1: case (sizeof(long long)==sizeof(long)): ;
             ^~~~
configure:10079: $? = 1
configure: failed program was:
| /* confdefs.h.  */
| 
| #define PACKAGE_NAME "Tkhtml"
| #define PACKAGE_TARNAME "tkhtml"
| #define PACKAGE_VERSION "3.0"
| #define PACKAGE_STRING "Tkhtml 3.0"
| #define PACKAGE_BUGREPORT ""
| #define STDC_HEADERS 1
| #define HAVE_SYS_TYPES_H 1
| #define HAVE_SYS_STAT_H 1
| #define HAVE_STDLIB_H 1
| #define HAVE_STRING_H 1
| #define HAVE_MEMORY_H 1
| #define HAVE_STRINGS_H 1
| #define HAVE_INTTYPES_H 1
| #define HAVE_STDINT_H 1
| #define HAVE_UNISTD_H 1
| #define HAVE_LIMITS_H 1
| #define HAVE_SYS_PARAM_H 1
| #define USE_THREAD_ALLOC 1
| #define _REENTRANT 1
| #define _THREAD_SAFE 1
| #define TCL_THREADS 1
| #define _LARGEFILE64_SOURCE 1
| /* end confdefs.h.  */
| 
| int
| main ()
| {
| switch (0) {
|             case 1: case (sizeof(long long)==sizeof(long)): ;
|         }
|   ;
|   return 0;
| }
configure:10109: result: using long
configure:10434: checking for build with symbols
configure:10447: result: no
configure:10587: checking for tclsh
configure:10614: result: /usr/bin/tclsh8.6
configure:10619: checking for wish
configure:10646: result: /usr/bin/wish8.6
configure:10784: creating ./config.status

## ---------------------- ##
## Running config.status. ##
## ---------------------- ##

This file was extended by Tkhtml config.status 3.0, which was
generated by GNU Autoconf 2.59.  Invocation command line was

  CONFIG_FILES    = 
  CONFIG_HEADERS  = 
  CONFIG_LINKS    = 
  CONFIG_COMMANDS = 
  $ ./config.status 

on jb-VirtualBox

config.status:708: creating Makefile

## ---------------- ##
## Cache variables. ##
## ---------------- ##

ac_cv_c_bigendian=no
ac_cv_c_compiler_gnu=yes
ac_cv_c_tclconfig=/usr/lib/tcl8.6
ac_cv_c_tclh=/usr/include/tcl8.6
ac_cv_c_tkconfig=/usr/lib/tk8.6
ac_cv_c_tkh=/usr/include/tcl8.6
ac_cv_env_CC_set=
ac_cv_env_CC_value=
ac_cv_env_CFLAGS_set=
ac_cv_env_CFLAGS_value=
ac_cv_env_CPPFLAGS_set=
ac_cv_env_CPPFLAGS_value=
ac_cv_env_CPP_set=
ac_cv_env_CPP_value=
ac_cv_env_LDFLAGS_set=
ac_cv_env_LDFLAGS_value=
ac_cv_env_build_alias_set=
ac_cv_env_build_alias_value=
ac_cv_env_host_alias_set=
ac_cv_env_host_alias_value=
ac_cv_env_target_alias_set=
ac_cv_env_target_alias_value=
ac_cv_exeext=
ac_cv_func_connect=yes
ac_cv_func_gethostbyname=yes
ac_cv_func_sin=no
ac_cv_header_dlfcn_h=yes
ac_cv_header_errno_h=yes
ac_cv_header_float_h=yes
ac_cv_header_inttypes_h=yes
ac_cv_header_limits_h=yes
ac_cv_header_memory_h=yes
ac_cv_header_net_errno_h=no
ac_cv_header_stdc=yes
ac_cv_header_stdint_h=yes
ac_cv_header_stdlib_h=yes
ac_cv_header_string_h=yes
ac_cv_header_strings_h=yes
ac_cv_header_sys_param_h=yes
ac_cv_header_sys_stat_h=yes
ac_cv_header_sys_types_h=yes
ac_cv_header_sys_wait_h=yes
ac_cv_header_unistd_h=yes
ac_cv_header_values_h=yes
ac_cv_lib_dl_dlopen=yes
ac_cv_lib_ieee_main=no
ac_cv_lib_inet_main=no
ac_cv_lib_pthread_pthread_mutex_init=yes
ac_cv_objext=o
ac_cv_path_install='/usr/bin/install -c'
ac_cv_prog_AR=ar
ac_cv_prog_CPP='gcc -E'
ac_cv_prog_ac_ct_CC=gcc
ac_cv_prog_ac_ct_RANLIB=ranlib
ac_cv_prog_cc_g=yes
ac_cv_prog_cc_stdc=
ac_cv_prog_egrep='grep -E'
ac_cv_prog_make_make_set=yes
tcl_cv_dirent_h=yes
tcl_cv_flag__isoc99_source=no
tcl_cv_flag__largefile64_source=yes
tcl_cv_flag__largefile_source64=no
tcl_cv_sys_version=Linux-4.15.0-34-generic
tcl_cv_type_64bit=none

## ----------------- ##
## Output variables. ##
## ----------------- ##

AR='ar'
CC='gcc -pipe'
CELIB_DIR=''
CFLAGS=' ${CFLAGS_DEFAULT} ${CFLAGS_WARNING} ${SHLIB_CFLAGS}'
CFLAGS_DEBUG='-g'
CFLAGS_DEFAULT='-O2 -fomit-frame-pointer'
CFLAGS_OPTIMIZE='-O2 -fomit-frame-pointer'
CFLAGS_WARNING='-Wall -Wno-implicit-int'
CLEANFILES='pkgIndex.tcl'
CPP='gcc -E'
CPPFLAGS=''
CYGPATH='echo'
DEFS='-DPACKAGE_NAME=\"Tkhtml\" -DPACKAGE_TARNAME=\"tkhtml\" -DPACKAGE_VERSION=\"3.0\" -DPACKAGE_STRING=\"Tkhtml\ 3.0\" -DPACKAGE_BUGREPORT=\"\" -DSTDC_HEADERS=1 -DHAVE_SYS_TYPES_H=1 -DHAVE_SYS_STAT_H=1 -DHAVE_STDLIB_H=1 -DHAVE_STRING_H=1 -DHAVE_MEMORY_H=1 -DHAVE_STRINGS_H=1 -DHAVE_INTTYPES_H=1 -DHAVE_STDINT_H=1 -DHAVE_UNISTD_H=1 -DHAVE_LIMITS_H=1 -DHAVE_SYS_PARAM_H=1 -DUSE_THREAD_ALLOC=1 -D_REENTRANT=1 -D_THREAD_SAFE=1 -DTCL_THREADS=1 -D_LARGEFILE64_SOURCE=1 -DTCL_WIDE_INT_IS_LONG=1 -DUSE_TCL_STUBS=1 -DUSE_TK_STUBS=1 '
DL_LIBS='-ldl'
ECHO_C=''
ECHO_N='-n'
ECHO_T=''
EGREP='grep -E'
EXEEXT=''
INSTALL_DATA='${INSTALL} -m 644'
INSTALL_PROGRAM='${INSTALL}'
INSTALL_SCRIPT='${INSTALL}'
LDFLAGS=' -Wl,--export-dynamic '
LDFLAGS_DEFAULT=' -Wl,--export-dynamic '
LD_LIBRARY_PATH_VAR='LD_LIBRARY_PATH'
LIBOBJS=''
LIBS=''
LTLIBOBJS=''
MAKE_LIB='${SHLIB_LD} -o $@ $(PKG_OBJECTS) ${SHLIB_LD_LIBS} '
MAKE_SHARED_LIB='${SHLIB_LD} -o $@ $(PKG_OBJECTS) ${SHLIB_LD_LIBS}'
MAKE_STATIC_LIB='${STLIB_LD} $@ $(PKG_OBJECTS)'
MAKE_STUB_LIB='${STLIB_LD} $@ $(PKG_STUB_OBJECTS)'
MATH_LIBS='-lm'
OBJEXT='o'
PACKAGE_BUGREPORT=''
PACKAGE_NAME='Tkhtml'
PACKAGE_STRING='Tkhtml 3.0'
PACKAGE_TARNAME='tkhtml'
PACKAGE_VERSION='3.0'
PATH_SEPARATOR=':'
PKG_CFLAGS=' '
PKG_HEADERS=''
PKG_INCLUDES=''
PKG_LIBS=''
PKG_LIB_FILE='libTkhtml3.0.so'
PKG_OBJECTS=' css.o cssdynamic.o htmldraw.o htmlfloat.o htmlhash.o htmlimage.o htmlinline.o htmllayout.o htmlparse.o htmlprop.o htmlstyle.o htmltagdb.o htmltable.o htmltcl.o htmltree.o swproc.o restrack.o htmldecode.o htmltext.o'
PKG_SOURCES=' css.c cssdynamic.c htmldraw.c htmlfloat.c htmlhash.c htmlimage.c htmlinline.c htmllayout.c htmlparse.c htmlprop.c htmlstyle.c htmltagdb.c htmltable.c htmltcl.c htmltree.c swproc.c restrack.c htmldecode.c htmltext.c'
PKG_STUB_LIB_FILE='libTkhtmlstub3.0.a'
PKG_STUB_OBJECTS=''
PKG_STUB_SOURCES=''
PKG_TCL_SOURCES=''
RANLIB=':'
RANLIB_STUB='ranlib'
SET_MAKE=''
SHARED_BUILD='1'
SHELL='/bin/bash'
SHLIB_CFLAGS='-fPIC'
SHLIB_LD='gcc -pipe -shared'
SHLIB_LD_LIBS='${LIBS} -L/usr/lib/x86_64-linux-gnu -ltclstub8.6 -L/usr/lib/x86_64-linux-gnu -ltkstub8.6'
STLIB_LD='${AR} cr'
TCLSH_PROG='/usr/bin/tclsh8.6'
TCL_BIN_DIR='/usr/lib/tcl8.6'
TCL_DBGX=''
TCL_DEFS='-DPACKAGE_NAME=\"tcl\" -DPACKAGE_TARNAME=\"tcl\" -DPACKAGE_VERSION=\"8.6\" -DPACKAGE_STRING=\"tcl\ 8.6\" -DPACKAGE_BUGREPORT=\"\" -DPACKAGE_URL=\"\" -DSTDC_HEADERS=1 -DHAVE_SYS_TYPES_H=1 -DHAVE_SYS_STAT_H=1 -DHAVE_STDLIB_H=1 -DHAVE_STRING_H=1 -DHAVE_MEMORY_H=1 -DHAVE_STRINGS_H=1 -DHAVE_INTTYPES_H=1 -DHAVE_STDINT_H=1 -DHAVE_UNISTD_H=1 -DHAVE_SYS_PARAM_H=1 -DUSE_THREAD_ALLOC=1 -D_REENTRANT=1 -D_THREAD_SAFE=1 -DHAVE_PTHREAD_ATTR_SETSTACKSIZE=1 -DHAVE_PTHREAD_ATFORK=1 -DTCL_THREADS=1 -DTCL_CFGVAL_ENCODING=\"iso8859-1\" -DHAVE_ZLIB=1 -DMODULE_SCOPE=extern\ __attribute__\(\(__visibility__\(\"hidden\"\)\)\) -DHAVE_HIDDEN=1 -DHAVE_CAST_TO_UNION=1 -DTCL_SHLIB_EXT=\".so\" -DNDEBUG=1 -DTCL_CFG_OPTIMIZED=1 -DTCL_TOMMATH=1 -DMP_PREC=4 -D_LARGEFILE64_SOURCE=1 -DTCL_WIDE_INT_IS_LONG=1 -DHAVE_GETCWD=1 -DHAVE_MKSTEMP=1 -DHAVE_OPENDIR=1 -DHAVE_STRTOL=1 -DHAVE_WAITPID=1 -DHAVE_GETNAMEINFO=1 -DHAVE_GETADDRINFO=1 -DHAVE_FREEADDRINFO=1 -DHAVE_GAI_STRERROR=1 -DHAVE_STRUCT_ADDRINFO=1 -DHAVE_STRUCT_IN6_ADDR=1 -DHAVE_STRUCT_SOCKADDR_IN6=1 -DHAVE_STRUCT_SOCKADDR_STORAGE=1 -DHAVE_GETPWUID_R_5=1 -DHAVE_GETPWUID_R=1 -DHAVE_GETPWNAM_R_5=1 -DHAVE_GETPWNAM_R=1 -DHAVE_GETGRGID_R_5=1 -DHAVE_GETGRGID_R=1 -DHAVE_GETGRNAM_R_5=1 -DHAVE_GETGRNAM_R=1 -DHAVE_GETHOSTBYNAME_R_6=1 -DHAVE_GETHOSTBYNAME_R=1 -DHAVE_GETHOSTBYADDR_R_8=1 -DHAVE_GETHOSTBYADDR_R=1 -DHAVE_TERMIOS_H=1 -DHAVE_SYS_IOCTL_H=1 -DHAVE_SYS_TIME_H=1 -DTIME_WITH_SYS_TIME=1 -DHAVE_GMTIME_R=1 -DHAVE_LOCALTIME_R=1 -DHAVE_MKTIME=1 -DHAVE_TM_GMTOFF=1 -DHAVE_TIMEZONE_VAR=1 -DHAVE_STRUCT_STAT_ST_BLOCKS=1 -DHAVE_STRUCT_STAT_ST_BLKSIZE=1 -DHAVE_BLKCNT_T=1 -DHAVE_INTPTR_T=1 -DHAVE_UINTPTR_T=1 -DNO_UNION_WAIT=1 -DHAVE_SIGNED_CHAR=1 -DHAVE_LANGINFO=1 -DHAVE_MKSTEMPS=1 -DHAVE_FTS=1 -DHAVE_SYS_IOCTL_H=1 -DTCL_UNLOAD_DLLS=1 -DHAVE_CPUID=1'
TCL_EXTRA_CFLAGS='-g -O2 -fdebug-prefix-map=/build/tcl8.6-1Mwawt/tcl8.6-8.6.8+dfsg=. -fstack-protector-strong -Wformat -Werror=format-security -fno-unit-at-a-time -pipe -Wdate-time -D_FORTIFY_SOURCE=2'
TCL_INCLUDES='-I"/usr/include/tcl8.6"'
TCL_LD_FLAGS='-Wl,-Bsymbolic-functions -Wl,-z,relro -Wl,--export-dynamic '
TCL_LIBS='${DL_LIBS} ${LIBS} ${MATH_LIBS}'
TCL_LIB_FILE='libtcl8.6.so'
TCL_LIB_FLAG='-ltcl8.6'
TCL_LIB_SPEC='-L/usr/lib/x86_64-linux-gnu -ltcl8.6'
TCL_SHLIB_LD_LIBS='${LIBS}'
TCL_SRC_DIR='/usr/include/tcl8.6/tcl-private'
TCL_STUB_LIB_FILE='libtclstub8.6.a'
TCL_STUB_LIB_FLAG='-ltclstub8.6'
TCL_STUB_LIB_SPEC='-L/usr/lib/x86_64-linux-gnu -ltclstub8.6'
TCL_THREADS='1'
TCL_VERSION='8.6'
TK_BIN_DIR='/usr/lib/tk8.6'
TK_INCLUDES='-I"/usr/include/tcl8.6"'
TK_LIBS='-lX11 -lXss -lXext -lXft -lfontconfig -lfreetype -lfontconfig  -lpthread -ldl -lz  -lpthread -lm'
TK_LIB_FILE='libtk8.6.so'
TK_LIB_FLAG='-ltk8.6'
TK_LIB_SPEC='-L/usr/lib/x86_64-linux-gnu -ltk8.6'
TK_SRC_DIR='/usr/include/tcl8.6/tk-private'
TK_STUB_LIB_FILE='libtkstub8.6.a'
TK_STUB_LIB_FLAG='-ltkstub8.6'
TK_STUB_LIB_SPEC='-L/usr/lib/x86_64-linux-gnu -ltkstub8.6'
TK_VERSION='8.6'
TK_XINCLUDES=''
WISH_PROG='/usr/bin/wish8.6'
ac_ct_CC='gcc'
ac_ct_RANLIB='ranlib'
bindir='${exec_prefix}/bin'
build_alias=''
datadir='${prefix}/share'
exec_prefix='/home/jb/audela/audela/src/..'
host_alias=''
includedir='${prefix}/include'
infodir='${prefix}/info'
libdir='${exec_prefix}/lib'
libexecdir='${exec_prefix}/libexec'
localstatedir='${prefix}/var'
mandir='${prefix}/man'
oldincludedir='/usr/include'
prefix='/home/jb/audela/audela/src/..'
program_transform_name='s,x,x,'
sbindir='${exec_prefix}/sbin'
sharedstatedir='${prefix}/com'
sysconfdir='${prefix}/etc'
target_alias=''

## ----------- ##
## confdefs.h. ##
## ----------- ##

#define HAVE_INTTYPES_H 1
#define HAVE_LIMITS_H 1
#define HAVE_MEMORY_H 1
#define HAVE_STDINT_H 1
#define HAVE_STDLIB_H 1
#define HAVE_STRINGS_H 1
#define HAVE_STRING_H 1
#define HAVE_SYS_PARAM_H 1
#define HAVE_SYS_STAT_H 1
#define HAVE_SYS_TYPES_H 1
#define HAVE_UNISTD_H 1
#define PACKAGE_BUGREPORT ""
#define PACKAGE_NAME "Tkhtml"
#define PACKAGE_STRING "Tkhtml 3.0"
#define PACKAGE_TARNAME "tkhtml"
#define PACKAGE_VERSION "3.0"
#define STDC_HEADERS 1
#define TCL_THREADS 1
#define TCL_WIDE_INT_IS_LONG 1
#define USE_TCL_STUBS 1
#define USE_THREAD_ALLOC 1
#define USE_TK_STUBS 1
#define _LARGEFILE64_SOURCE 1
#define _REENTRANT 1
#define _THREAD_SAFE 1

configure: exit 0
